[debug] [2020-06-01T18:28:54.714Z] ----------------------------------------------------------------------
[debug] [2020-06-01T18:28:54.717Z] Command:       C:\Program Files\nodejs\node.exe C:\Users\MrJua\AppData\Roaming\npm\node_modules\firebase-tools\lib\bin\firebase.js emulators:start
[debug] [2020-06-01T18:28:54.718Z] CLI Version:   8.4.1
[debug] [2020-06-01T18:28:54.719Z] Platform:      win32
[debug] [2020-06-01T18:28:54.719Z] Node Version:  v14.3.0
[debug] [2020-06-01T18:28:54.722Z] Time:          Mon Jun 01 2020 13:28:54 GMT-0500 (hora de verano central)
[debug] [2020-06-01T18:28:54.723Z] ----------------------------------------------------------------------
[debug] [2020-06-01T18:28:54.723Z] 
[debug] [2020-06-01T18:28:54.736Z] > command requires scopes: ["email","openid","https://www.googleapis.com/auth/cloudplatformprojects.readonly","https://www.googleapis.com/auth/firebase","https://www.googleapis.com/auth/cloud-platform"]
[debug] [2020-06-01T18:28:54.737Z] > authorizing via signed-in user
[info] i  emulators: Starting emulators: functions, hosting {"metadata":{"emulator":{"name":"hub"},"message":"Starting emulators: functions, hosting"}}
[debug] [2020-06-01T18:28:56.788Z] [hub] writing locator at C:\Users\MrJua\AppData\Local\Temp\hub-lynx-game.json
[info] +  functions: Using node@14 from host. {"metadata":{"emulator":{"name":"functions"},"message":"Using node@14 from host."}}
[debug] [2020-06-01T18:29:00.846Z] >>> HTTP REQUEST GET https://firebase.googleapis.com/v1beta1/projects/lynx-game/webApps/-/config  
 
[debug] [2020-06-01T18:29:01.237Z] <<< HTTP RESPONSE 200 {"content-type":"application/json; charset=UTF-8","vary":"X-Origin, Referer, Origin,Accept-Encoding","date":"Mon, 01 Jun 2020 18:29:02 GMT","server":"ESF","cache-control":"private","x-xss-protection":"0","x-frame-options":"SAMEORIGIN","x-content-type-options":"nosniff","alt-svc":"h3-27=\":443\"; ma=2592000,h3-25=\":443\"; ma=2592000,h3-T050=\":443\"; ma=2592000,h3-Q050=\":443\"; ma=2592000,h3-Q049=\":443\"; ma=2592000,h3-Q048=\":443\"; ma=2592000,h3-Q046=\":443\"; ma=2592000,h3-Q043=\":443\"; ma=2592000,quic=\":443\"; ma=2592000; v=\"46,43\"","accept-ranges":"none","transfer-encoding":"chunked"}
[info] i  hosting: Serving hosting files from: build {"metadata":{"emulator":{"name":"hosting"},"message":"Serving hosting files from: \u001b[1mbuild\u001b[22m"}}
[info] +  hosting: Local server: http://localhost:5000 {"metadata":{"emulator":{"name":"hosting"},"message":"Local server: \u001b[4m\u001b[1mhttp://localhost:5000\u001b[22m\u001b[24m"}}
[debug] [2020-06-01T18:29:05.286Z] Ignoring unsupported arg: auto_download {"metadata":{"emulator":{"name":"ui"},"message":"Ignoring unsupported arg: auto_download"}}
[debug] [2020-06-01T18:29:05.286Z] Ignoring unsupported arg: port {"metadata":{"emulator":{"name":"ui"},"message":"Ignoring unsupported arg: port"}}
[debug] [2020-06-01T18:29:05.287Z] Starting Emulator UI with command {"binary":"node","args":["C:\\Users\\MrJua\\.cache\\firebase\\emulators\\ui-v1.0.0\\server.bundle.js"],"optionalArgs":[],"joinArgs":false} {"metadata":{"emulator":{"name":"ui"},"message":"Starting Emulator UI with command {\"binary\":\"node\",\"args\":[\"C:\\\\Users\\\\MrJua\\\\.cache\\\\firebase\\\\emulators\\\\ui-v1.0.0\\\\server.bundle.js\"],\"optionalArgs\":[],\"joinArgs\":false}"}}
[info] i  ui: Emulator UI logging to ui-debug.log {"metadata":{"emulator":{"name":"ui"},"message":"Emulator UI logging to \u001b[1mui-debug.log\u001b[22m"}}
[debug] [2020-06-01T18:29:05.441Z] Web / API server started at http://localhost:4000
 {"metadata":{"emulator":{"name":"ui"},"message":"Web / API server started at http://localhost:4000\n"}}
[info] i  functions: Watching "C:\Users\MrJua\Documents\GitHub\LynxGame\linx-game\functions" for Cloud Functions... {"metadata":{"emulator":{"name":"functions"},"message":"Watching \"C:\\Users\\MrJua\\Documents\\GitHub\\LynxGame\\linx-game\\functions\" for Cloud Functions..."}}
[debug] [2020-06-01T18:29:05.813Z] [worker-pool] addWorker(~diagnostic~) {"metadata":{"emulator":{"name":"functions"},"message":"[worker-pool] addWorker(~diagnostic~)"}}
[debug] [2020-06-01T18:29:05.813Z] [worker-pool] Adding worker with key ~diagnostic~, total=1 {"metadata":{"emulator":{"name":"functions"},"message":"[worker-pool] Adding worker with key ~diagnostic~, total=1"}}
[debug] [2020-06-01T18:29:05.813Z] [worker-pool] submitWork(triggerId=) {"metadata":{"emulator":{"name":"functions"},"message":"[worker-pool] submitWork(triggerId=)"}}
[debug] [2020-06-01T18:29:05.814Z] [worker-~diagnostic~-080c1855-81b4-4f30-b804-729143a10cef]: Assigning socketPath: \\?\pipe\C:\Users\MrJua\Documents\GitHub\LynxGame\linx-game\functions\5288 {"metadata":{"emulator":{"name":"functions"},"message":"[worker-~diagnostic~-080c1855-81b4-4f30-b804-729143a10cef]: Assigning socketPath: \\\\?\\pipe\\C:\\Users\\MrJua\\Documents\\GitHub\\LynxGame\\linx-game\\functions\\5288"}}
[debug] [2020-06-01T18:29:05.814Z] [worker-~diagnostic~-080c1855-81b4-4f30-b804-729143a10cef]: BUSY {"metadata":{"emulator":{"name":"functions"},"message":"[worker-~diagnostic~-080c1855-81b4-4f30-b804-729143a10cef]: BUSY"}}
[debug] [2020-06-01T18:29:06.416Z] [runtime-status] [5288] Functions runtime initialized. {"cwd":"C:\\Users\\MrJua\\Documents\\GitHub\\LynxGame\\linx-game\\functions","node_version":"14.3.0"} {"metadata":{"emulator":{"name":"functions"},"message":"[runtime-status] [5288] Functions runtime initialized. {\"cwd\":\"C:\\\\Users\\\\MrJua\\\\Documents\\\\GitHub\\\\LynxGame\\\\linx-game\\\\functions\",\"node_version\":\"14.3.0\"}"}}
[debug] [2020-06-01T18:29:06.417Z] [runtime-status] [5288] Disabled runtime features: undefined {"metadata":{"emulator":{"name":"functions"},"message":"[runtime-status] [5288] Disabled runtime features: undefined"}}
[debug] [2020-06-01T18:29:06.422Z] [runtime-status] [5288] Resolved module firebase-admin {"declared":true,"installed":true,"version":"8.12.1","resolution":"C:\\Users\\MrJua\\Documents\\GitHub\\LynxGame\\linx-game\\functions\\node_modules\\firebase-admin\\lib\\index.js"} {"metadata":{"emulator":{"name":"functions"},"message":"[runtime-status] [5288] Resolved module firebase-admin {\"declared\":true,\"installed\":true,\"version\":\"8.12.1\",\"resolution\":\"C:\\\\Users\\\\MrJua\\\\Documents\\\\GitHub\\\\LynxGame\\\\linx-game\\\\functions\\\\node_modules\\\\firebase-admin\\\\lib\\\\index.js\"}"}}
[debug] [2020-06-01T18:29:06.425Z] [runtime-status] [5288] Resolved module firebase-functions {"declared":true,"installed":true,"version":"3.6.2","resolution":"C:\\Users\\MrJua\\Documents\\GitHub\\LynxGame\\linx-game\\functions\\node_modules\\firebase-functions\\lib\\index.js"} {"metadata":{"emulator":{"name":"functions"},"message":"[runtime-status] [5288] Resolved module firebase-functions {\"declared\":true,\"installed\":true,\"version\":\"3.6.2\",\"resolution\":\"C:\\\\Users\\\\MrJua\\\\Documents\\\\GitHub\\\\LynxGame\\\\linx-game\\\\functions\\\\node_modules\\\\firebase-functions\\\\lib\\\\index.js\"}"}}
[debug] [2020-06-01T18:29:06.429Z] [runtime-status] [5288] Outgoing network have been stubbed. [{"name":"http","status":"mocked"},{"name":"http","status":"mocked"},{"name":"https","status":"mocked"},{"name":"https","status":"mocked"},{"name":"net","status":"mocked"}] {"metadata":{"emulator":{"name":"functions"},"message":"[runtime-status] [5288] Outgoing network have been stubbed. [{\"name\":\"http\",\"status\":\"mocked\"},{\"name\":\"http\",\"status\":\"mocked\"},{\"name\":\"https\",\"status\":\"mocked\"},{\"name\":\"https\",\"status\":\"mocked\"},{\"name\":\"net\",\"status\":\"mocked\"}]"}}
[debug] [2020-06-01T18:29:06.430Z] [runtime-status] [5288] Resolved module firebase-functions {"declared":true,"installed":true,"version":"3.6.2","resolution":"C:\\Users\\MrJua\\Documents\\GitHub\\LynxGame\\linx-game\\functions\\node_modules\\firebase-functions\\lib\\index.js"} {"metadata":{"emulator":{"name":"functions"},"message":"[runtime-status] [5288] Resolved module firebase-functions {\"declared\":true,\"installed\":true,\"version\":\"3.6.2\",\"resolution\":\"C:\\\\Users\\\\MrJua\\\\Documents\\\\GitHub\\\\LynxGame\\\\linx-game\\\\functions\\\\node_modules\\\\firebase-functions\\\\lib\\\\index.js\"}"}}
[debug] [2020-06-01T18:29:06.494Z] [runtime-status] [5288] Checked functions.config() {"config":{}} {"metadata":{"emulator":{"name":"functions"},"message":"[runtime-status] [5288] Checked functions.config() {\"config\":{}}"}}
[debug] [2020-06-01T18:29:06.495Z] [runtime-status] [5288] firebase-functions has been stubbed. {"functionsResolution":{"declared":true,"installed":true,"version":"3.6.2","resolution":"C:\\Users\\MrJua\\Documents\\GitHub\\LynxGame\\linx-game\\functions\\node_modules\\firebase-functions\\lib\\index.js"}} {"metadata":{"emulator":{"name":"functions"},"message":"[runtime-status] [5288] firebase-functions has been stubbed. {\"functionsResolution\":{\"declared\":true,\"installed\":true,\"version\":\"3.6.2\",\"resolution\":\"C:\\\\Users\\\\MrJua\\\\Documents\\\\GitHub\\\\LynxGame\\\\linx-game\\\\functions\\\\node_modules\\\\firebase-functions\\\\lib\\\\index.js\"}}"}}
[debug] [2020-06-01T18:29:06.495Z] [runtime-status] [5288] Resolved module firebase-functions {"declared":true,"installed":true,"version":"3.6.2","resolution":"C:\\Users\\MrJua\\Documents\\GitHub\\LynxGame\\linx-game\\functions\\node_modules\\firebase-functions\\lib\\index.js"} {"metadata":{"emulator":{"name":"functions"},"message":"[runtime-status] [5288] Resolved module firebase-functions {\"declared\":true,\"installed\":true,\"version\":\"3.6.2\",\"resolution\":\"C:\\\\Users\\\\MrJua\\\\Documents\\\\GitHub\\\\LynxGame\\\\linx-game\\\\functions\\\\node_modules\\\\firebase-functions\\\\lib\\\\index.js\"}"}}
[debug] [2020-06-01T18:29:06.497Z] [runtime-status] [5288] Resolved module firebase-admin {"declared":true,"installed":true,"version":"8.12.1","resolution":"C:\\Users\\MrJua\\Documents\\GitHub\\LynxGame\\linx-game\\functions\\node_modules\\firebase-admin\\lib\\index.js"} {"metadata":{"emulator":{"name":"functions"},"message":"[runtime-status] [5288] Resolved module firebase-admin {\"declared\":true,\"installed\":true,\"version\":\"8.12.1\",\"resolution\":\"C:\\\\Users\\\\MrJua\\\\Documents\\\\GitHub\\\\LynxGame\\\\linx-game\\\\functions\\\\node_modules\\\\firebase-admin\\\\lib\\\\index.js\"}"}}
[debug] [2020-06-01T18:29:06.498Z] [runtime-status] [5288] Resolved module firebase-functions {"declared":true,"installed":true,"version":"3.6.2","resolution":"C:\\Users\\MrJua\\Documents\\GitHub\\LynxGame\\linx-game\\functions\\node_modules\\firebase-functions\\lib\\index.js"} {"metadata":{"emulator":{"name":"functions"},"message":"[runtime-status] [5288] Resolved module firebase-functions {\"declared\":true,\"installed\":true,\"version\":\"3.6.2\",\"resolution\":\"C:\\\\Users\\\\MrJua\\\\Documents\\\\GitHub\\\\LynxGame\\\\linx-game\\\\functions\\\\node_modules\\\\firebase-functions\\\\lib\\\\index.js\"}"}}
[debug] [2020-06-01T18:29:06.498Z] [runtime-status] [5288] firebase-admin has been stubbed. {"adminResolution":{"declared":true,"installed":true,"version":"8.12.1","resolution":"C:\\Users\\MrJua\\Documents\\GitHub\\LynxGame\\linx-game\\functions\\node_modules\\firebase-admin\\lib\\index.js"}} {"metadata":{"emulator":{"name":"functions"},"message":"[runtime-status] [5288] firebase-admin has been stubbed. {\"adminResolution\":{\"declared\":true,\"installed\":true,\"version\":\"8.12.1\",\"resolution\":\"C:\\\\Users\\\\MrJua\\\\Documents\\\\GitHub\\\\LynxGame\\\\linx-game\\\\functions\\\\node_modules\\\\firebase-admin\\\\lib\\\\index.js\"}}"}}
[info] +  functions[crearPersonal]: http function initialized (http://localhost:5001/lynx-game/us-central1/crearPersonal). {"metadata":{"emulator":{"name":"functions"},"message":"\u001b[1mhttp\u001b[22m function initialized (http://localhost:5001/lynx-game/us-central1/crearPersonal)."}}
[info] +  functions[getAllPersonal]: http function initialized (http://localhost:5001/lynx-game/us-central1/getAllPersonal). {"metadata":{"emulator":{"name":"functions"},"message":"\u001b[1mhttp\u001b[22m function initialized (http://localhost:5001/lynx-game/us-central1/getAllPersonal)."}}
[info] +  functions[crearVideojuego]: http function initialized (http://localhost:5001/lynx-game/us-central1/crearVideojuego). {"metadata":{"emulator":{"name":"functions"},"message":"\u001b[1mhttp\u001b[22m function initialized (http://localhost:5001/lynx-game/us-central1/crearVideojuego)."}}
[info] +  functions[getAllGames]: http function initialized (http://localhost:5001/lynx-game/us-central1/getAllGames). {"metadata":{"emulator":{"name":"functions"},"message":"\u001b[1mhttp\u001b[22m function initialized (http://localhost:5001/lynx-game/us-central1/getAllGames)."}}
[info] +  functions[crearVenta]: http function initialized (http://localhost:5001/lynx-game/us-central1/crearVenta). {"metadata":{"emulator":{"name":"functions"},"message":"\u001b[1mhttp\u001b[22m function initialized (http://localhost:5001/lynx-game/us-central1/crearVenta)."}}
[info] +  functions[getAllVentas]: http function initialized (http://localhost:5001/lynx-game/us-central1/getAllVentas). {"metadata":{"emulator":{"name":"functions"},"message":"\u001b[1mhttp\u001b[22m function initialized (http://localhost:5001/lynx-game/us-central1/getAllVentas)."}}
[info] +  functions[crearCliente]: http function initialized (http://localhost:5001/lynx-game/us-central1/crearCliente). {"metadata":{"emulator":{"name":"functions"},"message":"\u001b[1mhttp\u001b[22m function initialized (http://localhost:5001/lynx-game/us-central1/crearCliente)."}}
[info] +  functions[getAllCliente]: http function initialized (http://localhost:5001/lynx-game/us-central1/getAllCliente). {"metadata":{"emulator":{"name":"functions"},"message":"\u001b[1mhttp\u001b[22m function initialized (http://localhost:5001/lynx-game/us-central1/getAllCliente)."}}
[info] +  functions[crearTarjeta]: http function initialized (http://localhost:5001/lynx-game/us-central1/crearTarjeta). {"metadata":{"emulator":{"name":"functions"},"message":"\u001b[1mhttp\u001b[22m function initialized (http://localhost:5001/lynx-game/us-central1/crearTarjeta)."}}
[info] +  functions[getAllDesarrollador]: http function initialized (http://localhost:5001/lynx-game/us-central1/getAllDesarrollador). {"metadata":{"emulator":{"name":"functions"},"message":"\u001b[1mhttp\u001b[22m function initialized (http://localhost:5001/lynx-game/us-central1/getAllDesarrollador)."}}
[info] +  functions[crearCompra]: http function initialized (http://localhost:5001/lynx-game/us-central1/crearCompra). {"metadata":{"emulator":{"name":"functions"},"message":"\u001b[1mhttp\u001b[22m function initialized (http://localhost:5001/lynx-game/us-central1/crearCompra)."}}
[info] +  functions[getAllCompra]: http function initialized (http://localhost:5001/lynx-game/us-central1/getAllCompra). {"metadata":{"emulator":{"name":"functions"},"message":"\u001b[1mhttp\u001b[22m function initialized (http://localhost:5001/lynx-game/us-central1/getAllCompra)."}}
[info] +  functions[getAllMedia]: http function initialized (http://localhost:5001/lynx-game/us-central1/getAllMedia). {"metadata":{"emulator":{"name":"functions"},"message":"\u001b[1mhttp\u001b[22m function initialized (http://localhost:5001/lynx-game/us-central1/getAllMedia)."}}
[info] +  functions[getAllGenero]: http function initialized (http://localhost:5001/lynx-game/us-central1/getAllGenero). {"metadata":{"emulator":{"name":"functions"},"message":"\u001b[1mhttp\u001b[22m function initialized (http://localhost:5001/lynx-game/us-central1/getAllGenero)."}}
[info] +  functions[getOnePersonal]: http function initialized (http://localhost:5001/lynx-game/us-central1/getOnePersonal). {"metadata":{"emulator":{"name":"functions"},"message":"\u001b[1mhttp\u001b[22m function initialized (http://localhost:5001/lynx-game/us-central1/getOnePersonal)."}}
[info] +  functions[getOneGame]: http function initialized (http://localhost:5001/lynx-game/us-central1/getOneGame). {"metadata":{"emulator":{"name":"functions"},"message":"\u001b[1mhttp\u001b[22m function initialized (http://localhost:5001/lynx-game/us-central1/getOneGame)."}}
[info] +  functions[getOneCliente]: http function initialized (http://localhost:5001/lynx-game/us-central1/getOneCliente). {"metadata":{"emulator":{"name":"functions"},"message":"\u001b[1mhttp\u001b[22m function initialized (http://localhost:5001/lynx-game/us-central1/getOneCliente)."}}
[info] +  functions[getOneTarjeta]: http function initialized (http://localhost:5001/lynx-game/us-central1/getOneTarjeta). {"metadata":{"emulator":{"name":"functions"},"message":"\u001b[1mhttp\u001b[22m function initialized (http://localhost:5001/lynx-game/us-central1/getOneTarjeta)."}}
[info] 
┌───────────────────────────────────────────────────────────────────────┐
│ ✔  All emulators ready! View status and logs at http://localhost:4000 │
└───────────────────────────────────────────────────────────────────────┘

┌───────────┬────────────────┬─────────────────────────────────┐
│ Emulator  │ Host:Port      │ View in Emulator UI             │
├───────────┼────────────────┼─────────────────────────────────┤
│ Functions │ localhost:5001 │ http://localhost:4000/functions │
├───────────┼────────────────┼─────────────────────────────────┤
│ Hosting   │ localhost:5000 │ n/a                             │
└───────────┴────────────────┴─────────────────────────────────┘
  Other reserved ports: 4400, 4500

Issues? Report them at https://github.com/firebase/firebase-tools/issues and attach the *-debug.log files.
 
[debug] [2020-06-01T18:29:07.341Z] [worker-~diagnostic~-080c1855-81b4-4f30-b804-729143a10cef]: IDLE {"metadata":{"emulator":{"name":"functions"},"message":"[worker-~diagnostic~-080c1855-81b4-4f30-b804-729143a10cef]: IDLE"}}
