[debug] [2020-05-29T22:16:41.148Z] ----------------------------------------------------------------------
[debug] [2020-05-29T22:16:41.150Z] Command:       C:\Program Files\nodejs\node.exe C:\Users\MrJua\AppData\Roaming\npm\node_modules\firebase-tools\lib\bin\firebase.js deploy
[debug] [2020-05-29T22:16:41.151Z] CLI Version:   8.4.1
[debug] [2020-05-29T22:16:41.151Z] Platform:      win32
[debug] [2020-05-29T22:16:41.151Z] Node Version:  v14.3.0
[debug] [2020-05-29T22:16:41.152Z] Time:          Fri May 29 2020 17:16:41 GMT-0500 (hora de verano central)
[debug] [2020-05-29T22:16:41.153Z] ----------------------------------------------------------------------
[debug] [2020-05-29T22:16:41.153Z] 
[debug] [2020-05-29T22:16:41.165Z] > command requires scopes: ["email","openid","https://www.googleapis.com/auth/cloudplatformprojects.readonly","https://www.googleapis.com/auth/firebase","https://www.googleapis.com/auth/cloud-platform"]
[debug] [2020-05-29T22:16:41.166Z] > authorizing via signed-in user
[debug] [2020-05-29T22:16:41.166Z] [iam] checking project lynx-game for permissions ["cloudfunctions.functions.create","cloudfunctions.functions.delete","cloudfunctions.functions.get","cloudfunctions.functions.list","cloudfunctions.functions.update","cloudfunctions.operations.get","firebase.projects.get","firebasehosting.sites.update"]
[debug] [2020-05-29T22:16:41.172Z] >>> HTTP REQUEST POST https://cloudresourcemanager.googleapis.com/v1/projects/lynx-game:testIamPermissions  
 {"permissions":["cloudfunctions.functions.create","cloudfunctions.functions.delete","cloudfunctions.functions.get","cloudfunctions.functions.list","cloudfunctions.functions.update","cloudfunctions.operations.get","firebase.projects.get","firebasehosting.sites.update"]}
[debug] [2020-05-29T22:16:41.575Z] <<< HTTP RESPONSE 200 {"content-type":"application/json; charset=UTF-8","vary":"X-Origin, Referer, Origin,Accept-Encoding","date":"Fri, 29 May 2020 22:16:43 GMT","server":"ESF","cache-control":"private","x-xss-protection":"0","x-frame-options":"SAMEORIGIN","x-content-type-options":"nosniff","server-timing":"gfet4t7; dur=219","alt-svc":"h3-27=\":443\"; ma=2592000,h3-25=\":443\"; ma=2592000,h3-T050=\":443\"; ma=2592000,h3-Q050=\":443\"; ma=2592000,h3-Q049=\":443\"; ma=2592000,h3-Q048=\":443\"; ma=2592000,h3-Q046=\":443\"; ma=2592000,h3-Q043=\":443\"; ma=2592000,quic=\":443\"; ma=2592000; v=\"46,43\"","accept-ranges":"none","transfer-encoding":"chunked"}
[debug] [2020-05-29T22:16:41.577Z] >>> HTTP REQUEST POST https://iam.googleapis.com/v1/projects/lynx-game/serviceAccounts/lynx-game@appspot.gserviceaccount.com:testIamPermissions  
 {"permissions":["iam.serviceAccounts.actAs"]}
[debug] [2020-05-29T22:16:41.954Z] <<< HTTP RESPONSE 200 {"content-type":"application/json; charset=UTF-8","vary":"X-Origin, Referer, Origin,Accept-Encoding","date":"Fri, 29 May 2020 22:16:43 GMT","server":"ESF","cache-control":"private","x-xss-protection":"0","x-frame-options":"SAMEORIGIN","x-content-type-options":"nosniff","alt-svc":"h3-27=\":443\"; ma=2592000,h3-25=\":443\"; ma=2592000,h3-T050=\":443\"; ma=2592000,h3-Q050=\":443\"; ma=2592000,h3-Q049=\":443\"; ma=2592000,h3-Q048=\":443\"; ma=2592000,h3-Q046=\":443\"; ma=2592000,h3-Q043=\":443\"; ma=2592000,quic=\":443\"; ma=2592000; v=\"46,43\"","accept-ranges":"none","transfer-encoding":"chunked"}
[debug] [2020-05-29T22:16:41.956Z] >>> HTTP REQUEST GET https://firebase.googleapis.com/v1beta1/projects/lynx-game  
 
[debug] [2020-05-29T22:16:42.251Z] <<< HTTP RESPONSE 200 {"content-type":"application/json; charset=UTF-8","vary":"X-Origin, Referer, Origin,Accept-Encoding","date":"Fri, 29 May 2020 22:16:44 GMT","server":"ESF","cache-control":"private","x-xss-protection":"0","x-frame-options":"SAMEORIGIN","x-content-type-options":"nosniff","alt-svc":"h3-27=\":443\"; ma=2592000,h3-25=\":443\"; ma=2592000,h3-T050=\":443\"; ma=2592000,h3-Q050=\":443\"; ma=2592000,h3-Q049=\":443\"; ma=2592000,h3-Q048=\":443\"; ma=2592000,h3-Q046=\":443\"; ma=2592000,h3-Q043=\":443\"; ma=2592000,quic=\":443\"; ma=2592000; v=\"46,43\"","accept-ranges":"none","transfer-encoding":"chunked"}
[info] 
[info] === Deploying to 'lynx-game'...
[info] 
[info] i  deploying functions, hosting 
[info] Running command: npm --prefix "$RESOURCE_DIR" run lint
[info] Running command: npm --prefix "$RESOURCE_DIR" run build
[info] +  functions: Finished running predeploy script. 
[debug] [2020-05-29T22:17:01.183Z] > [functions] package.json contents: {
  "name": "functions",
  "scripts": {
    "lint": "tslint --project tsconfig.json",
    "build": "tsc",
    "serve": "npm run build && firebase emulators:start --only functions",
    "shell": "npm run build && firebase functions:shell",
    "start": "npm run shell",
    "deploy": "firebase deploy --only functions",
    "logs": "firebase functions:log"
  },
  "engines": {
    "node": "8"
  },
  "main": "lib/index.js",
  "dependencies": {
    "firebase-admin": "^8.10.0",
    "firebase-functions": "^3.6.1",
    "mysql": "^2.18.1",
    "reflect-metadata": "^0.1.13",
    "typeorm": "^0.2.25"
  },
  "devDependencies": {
    "tslint": "^5.12.0",
    "typescript": "^3.8.0",
    "firebase-functions-test": "^0.2.0"
  },
  "private": true
}
[info] i  functions: ensuring required API cloudfunctions.googleapis.com is enabled... 
[debug] [2020-05-29T22:17:03.546Z] [functions] runtime dependency check dates: warning: 2020-05-21T00:00:00.000Z error: 2020-06-23T00:00:00.000Z
[debug] [2020-05-29T22:17:03.546Z] >>> HTTP REQUEST GET https://serviceusage.googleapis.com/v1/projects/lynx-game/services/cloudfunctions.googleapis.com  
 
[debug] [2020-05-29T22:17:03.547Z] >>> HTTP REQUEST GET https://serviceusage.googleapis.com/v1/projects/lynx-game/services/runtimeconfig.googleapis.com  
 
[debug] [2020-05-29T22:17:04.101Z] <<< HTTP RESPONSE 200 {"content-type":"application/json; charset=UTF-8","vary":"X-Origin, Referer, Origin,Accept-Encoding","date":"Fri, 29 May 2020 22:17:06 GMT","server":"ESF","cache-control":"private","x-xss-protection":"0","x-frame-options":"SAMEORIGIN","x-content-type-options":"nosniff","alt-svc":"h3-27=\":443\"; ma=2592000,h3-25=\":443\"; ma=2592000,h3-T050=\":443\"; ma=2592000,h3-Q050=\":443\"; ma=2592000,h3-Q049=\":443\"; ma=2592000,h3-Q048=\":443\"; ma=2592000,h3-Q046=\":443\"; ma=2592000,h3-Q043=\":443\"; ma=2592000,quic=\":443\"; ma=2592000; v=\"46,43\"","accept-ranges":"none","transfer-encoding":"chunked"}
[debug] [2020-05-29T22:17:04.322Z] <<< HTTP RESPONSE 200 {"content-type":"application/json; charset=UTF-8","vary":"X-Origin, Referer, Origin,Accept-Encoding","date":"Fri, 29 May 2020 22:17:06 GMT","server":"ESF","cache-control":"private","x-xss-protection":"0","x-frame-options":"SAMEORIGIN","x-content-type-options":"nosniff","alt-svc":"h3-27=\":443\"; ma=2592000,h3-25=\":443\"; ma=2592000,h3-T050=\":443\"; ma=2592000,h3-Q050=\":443\"; ma=2592000,h3-Q049=\":443\"; ma=2592000,h3-Q048=\":443\"; ma=2592000,h3-Q046=\":443\"; ma=2592000,h3-Q043=\":443\"; ma=2592000,quic=\":443\"; ma=2592000; v=\"46,43\"","accept-ranges":"none","transfer-encoding":"chunked"}
[info] +  functions: required API cloudfunctions.googleapis.com is enabled 
[debug] [2020-05-29T22:17:04.324Z] >>> HTTP REQUEST GET https://firebase.googleapis.com/v1beta1/projects/lynx-game/adminSdkConfig  
 
[debug] [2020-05-29T22:17:04.619Z] <<< HTTP RESPONSE 200 {"content-type":"application/json; charset=UTF-8","vary":"X-Origin, Referer, Origin,Accept-Encoding","date":"Fri, 29 May 2020 22:17:06 GMT","server":"ESF","cache-control":"private","x-xss-protection":"0","x-frame-options":"SAMEORIGIN","x-content-type-options":"nosniff","alt-svc":"h3-27=\":443\"; ma=2592000,h3-25=\":443\"; ma=2592000,h3-T050=\":443\"; ma=2592000,h3-Q050=\":443\"; ma=2592000,h3-Q049=\":443\"; ma=2592000,h3-Q048=\":443\"; ma=2592000,h3-Q046=\":443\"; ma=2592000,h3-Q043=\":443\"; ma=2592000,quic=\":443\"; ma=2592000; v=\"46,43\"","accept-ranges":"none","transfer-encoding":"chunked"}
[debug] [2020-05-29T22:17:04.622Z] >>> HTTP REQUEST POST https://firebasehosting.googleapis.com/v1beta1/sites/lynx-game/versions  
 {"config":{"rewrites":[{"glob":"**","path":"/index.html"}]},"labels":{"deployment-tool":"cli-firebase"}}
[debug] [2020-05-29T22:17:05.398Z] <<< HTTP RESPONSE 200 {"content-type":"application/json; charset=UTF-8","vary":"X-Origin, Referer, Origin,Accept-Encoding","date":"Fri, 29 May 2020 22:17:07 GMT","server":"ESF","cache-control":"private","x-xss-protection":"0","x-frame-options":"SAMEORIGIN","x-content-type-options":"nosniff","alt-svc":"h3-27=\":443\"; ma=2592000,h3-25=\":443\"; ma=2592000,h3-T050=\":443\"; ma=2592000,h3-Q050=\":443\"; ma=2592000,h3-Q049=\":443\"; ma=2592000,h3-Q048=\":443\"; ma=2592000,h3-Q046=\":443\"; ma=2592000,h3-Q043=\":443\"; ma=2592000,quic=\":443\"; ma=2592000; v=\"46,43\"","accept-ranges":"none","transfer-encoding":"chunked"}
[info] i  functions: preparing functions directory for uploading... 
[debug] [2020-05-29T22:17:05.400Z] >>> HTTP REQUEST GET https://runtimeconfig.googleapis.com/v1beta1/projects/lynx-game/configs  
 
[debug] [2020-05-29T22:17:05.922Z] <<< HTTP RESPONSE 200 {"content-type":"application/json; charset=UTF-8","vary":"X-Origin, Referer, Origin,Accept-Encoding","date":"Fri, 29 May 2020 22:17:07 GMT","server":"ESF","cache-control":"private","x-xss-protection":"0","x-frame-options":"SAMEORIGIN","x-content-type-options":"nosniff","alt-svc":"h3-27=\":443\"; ma=2592000,h3-25=\":443\"; ma=2592000,h3-T050=\":443\"; ma=2592000,h3-Q050=\":443\"; ma=2592000,h3-Q049=\":443\"; ma=2592000,h3-Q048=\":443\"; ma=2592000,h3-Q046=\":443\"; ma=2592000,h3-Q043=\":443\"; ma=2592000,quic=\":443\"; ma=2592000; v=\"46,43\"","accept-ranges":"none","transfer-encoding":"chunked"}
[info] i  functions: packaged functions (61.69 KB) for uploading 
[debug] [2020-05-29T22:17:06.996Z] >>> HTTP REQUEST GET https://cloudfunctions.googleapis.com/v1/projects/lynx-game/locations/-/functions  
 
[debug] [2020-05-29T22:17:07.550Z] <<< HTTP RESPONSE 200 {"content-type":"application/json; charset=UTF-8","vary":"X-Origin, Referer, Origin,Accept-Encoding","date":"Fri, 29 May 2020 22:17:09 GMT","server":"ESF","cache-control":"private","x-xss-protection":"0","x-frame-options":"SAMEORIGIN","x-content-type-options":"nosniff","alt-svc":"h3-27=\":443\"; ma=2592000,h3-25=\":443\"; ma=2592000,h3-T050=\":443\"; ma=2592000,h3-Q050=\":443\"; ma=2592000,h3-Q049=\":443\"; ma=2592000,h3-Q048=\":443\"; ma=2592000,h3-Q046=\":443\"; ma=2592000,h3-Q043=\":443\"; ma=2592000,quic=\":443\"; ma=2592000; v=\"46,43\"","accept-ranges":"none","transfer-encoding":"chunked"}
[debug] [2020-05-29T22:17:07.552Z] >>> HTTP REQUEST POST https://cloudfunctions.googleapis.com/v1/projects/lynx-game/locations/us-central1/functions:generateUploadUrl  
 
[debug] [2020-05-29T22:17:08.639Z] <<< HTTP RESPONSE 200 {"content-type":"application/json; charset=UTF-8","vary":"X-Origin, Referer, Origin,Accept-Encoding","date":"Fri, 29 May 2020 22:17:10 GMT","server":"ESF","cache-control":"private","x-xss-protection":"0","x-frame-options":"SAMEORIGIN","x-content-type-options":"nosniff","alt-svc":"h3-27=\":443\"; ma=2592000,h3-25=\":443\"; ma=2592000,h3-T050=\":443\"; ma=2592000,h3-Q050=\":443\"; ma=2592000,h3-Q049=\":443\"; ma=2592000,h3-Q048=\":443\"; ma=2592000,h3-Q046=\":443\"; ma=2592000,h3-Q043=\":443\"; ma=2592000,quic=\":443\"; ma=2592000; v=\"46,43\"","accept-ranges":"none","transfer-encoding":"chunked"}
[debug] [2020-05-29T22:17:08.639Z] >>> HTTP REQUEST PUT https://storage.googleapis.com/gcf-upload-us-central1-1d722933-5d93-4cb0-a3d6-c4beb1a9ee66/75355895-b03b-4ff8-98aa-990acb1436f8.zip?GoogleAccessId=service-167800648053@gcf-admin-robot.iam.gserviceaccount.com&Expires=1590792430&Signature=jThKqvUCWuL4Fh9bzCVSXYXZymAM9ms%2FZYs%2BBu4%2FkRKWJowtoUdms5pjJyGtrcI6J2re0xbxiARl%2F4x81Q4L25vxnz%2FQB%2BcSmdL0i%2BvJ7MtR%2BA75LEMqJ6gabiir1z9j3Y0Z6cy%2BGpdPYm6ohCWR8SowX2gWRaDrE%2BazVYHAQBUeMoTOzKqrLFZi%2Fr%2BxMiCqiOYTIAkScud1uv5NfQs7BPydV94rAScK21bEvWKkz9QgyzmaedyTmzl2rXKHCnVk3z0I1MwtrstxDehwQO7ofeTtTH86rR1Sux626rkE8mVI3bowwRIS%2F%2FhotrsRARA0zK8AuBIF4G8lyZPdXWypIw%3D%3D  
 <request body omitted>
[debug] [2020-05-29T22:17:09.037Z] <<< HTTP RESPONSE 200 {"x-guploader-uploadid":"AAANsUnKM1WTrAZ_NUsualOu00kmmQ3PAo31D8mrdC_mrdFNSySuRph1H1uM3_jy9MCHY8hsG8TFFplsPchZpcifmx4","etag":"\"86e6bfdca919eca9f27fdcd106d45ce6\"","x-goog-generation":"1590790630934875","x-goog-metageneration":"1","x-goog-hash":"crc32c=oDphNw==, md5=hua/3KkZ7Knyf9zRBtRc5g==","x-goog-stored-content-length":"63166","x-goog-stored-content-encoding":"identity","vary":"Origin","content-length":"0","date":"Fri, 29 May 2020 22:17:10 GMT","server":"UploadServer","content-type":"text/html; charset=UTF-8","alt-svc":"h3-27=\":443\"; ma=2592000,h3-25=\":443\"; ma=2592000,h3-T050=\":443\"; ma=2592000,h3-Q050=\":443\"; ma=2592000,h3-Q049=\":443\"; ma=2592000,h3-Q048=\":443\"; ma=2592000,h3-Q046=\":443\"; ma=2592000,h3-Q043=\":443\"; ma=2592000,quic=\":443\"; ma=2592000; v=\"46,43\""}
[info] +  functions: functions folder uploaded successfully 
[info] i  hosting[lynx-game]: beginning deploy... 
[info] i  hosting[lynx-game]: found 21 files in build 
[debug] [2020-05-29T22:17:09.556Z] [hosting] hash cache [YnVpbGQ] stored for 21 files
[debug] [2020-05-29T22:17:09.557Z] [hosting][hash queue][FINAL] {"max":491,"min":1,"avg":38.857142857142854,"active":0,"complete":21,"success":21,"errored":0,"retried":0,"total":21,"elapsed":501}
[debug] [2020-05-29T22:17:09.557Z] >>> HTTP REQUEST POST https://firebasehosting.googleapis.com/v1beta1/projects/167800648053/sites/lynx-game/versions/c37db32276d4bb1b:populateFiles  
 <request body omitted>
[debug] [2020-05-29T22:17:10.137Z] <<< HTTP RESPONSE 200 {"content-type":"application/json; charset=UTF-8","vary":"X-Origin, Referer, Origin,Accept-Encoding","date":"Fri, 29 May 2020 22:17:12 GMT","server":"ESF","cache-control":"private","x-xss-protection":"0","x-frame-options":"SAMEORIGIN","x-content-type-options":"nosniff","alt-svc":"h3-27=\":443\"; ma=2592000,h3-25=\":443\"; ma=2592000,h3-T050=\":443\"; ma=2592000,h3-Q050=\":443\"; ma=2592000,h3-Q049=\":443\"; ma=2592000,h3-Q048=\":443\"; ma=2592000,h3-Q046=\":443\"; ma=2592000,h3-Q043=\":443\"; ma=2592000,quic=\":443\"; ma=2592000; v=\"46,43\"","accept-ranges":"none","transfer-encoding":"chunked"}
[debug] [2020-05-29T22:17:10.144Z] [hosting][populate queue][FINAL] {"max":585,"min":585,"avg":585,"active":0,"complete":1,"success":1,"errored":0,"retried":0,"total":1,"elapsed":590}
[debug] [2020-05-29T22:17:10.145Z] [hosting] uploads queued: 13
[debug] [2020-05-29T22:17:14.026Z] [hosting][upload queue][FINAL] {"max":3887,"min":855,"avg":1472.692307692308,"active":0,"complete":13,"success":13,"errored":0,"retried":0,"total":13,"elapsed":3888}
[info] +  hosting[lynx-game]: file upload complete 
[debug] [2020-05-29T22:17:14.027Z] [hosting] deploy completed after 4988ms
[info] i  functions: updating Node.js 8 function crearPersonal(us-central1)... 
[debug] [2020-05-29T22:17:14.239Z] Trigger is:  {"httpsTrigger":{}}
[info] i  functions: updating Node.js 8 function getPersonal(us-central1)... 
[debug] [2020-05-29T22:17:14.241Z] Trigger is:  {"httpsTrigger":{}}
[debug] [2020-05-29T22:17:14.245Z] >>> HTTP REQUEST GET https://serviceusage.googleapis.com/v1/projects/lynx-game/services/cloudscheduler.googleapis.com  
 
[debug] [2020-05-29T22:17:14.641Z] <<< HTTP RESPONSE 200 {"content-type":"application/json; charset=UTF-8","vary":"X-Origin, Referer, Origin,Accept-Encoding","date":"Fri, 29 May 2020 22:17:16 GMT","server":"ESF","cache-control":"private","x-xss-protection":"0","x-frame-options":"SAMEORIGIN","x-content-type-options":"nosniff","alt-svc":"h3-27=\":443\"; ma=2592000,h3-25=\":443\"; ma=2592000,h3-T050=\":443\"; ma=2592000,h3-Q050=\":443\"; ma=2592000,h3-Q049=\":443\"; ma=2592000,h3-Q048=\":443\"; ma=2592000,h3-Q046=\":443\"; ma=2592000,h3-Q043=\":443\"; ma=2592000,quic=\":443\"; ma=2592000; v=\"46,43\"","accept-ranges":"none","transfer-encoding":"chunked"}
[debug] [2020-05-29T22:17:14.643Z] >>> HTTP REQUEST PATCH https://cloudfunctions.googleapis.com/v1/projects/lynx-game/locations/us-central1/functions/crearPersonal {"updateMask":"sourceUploadUrl,name,labels,runtime,environmentVariables,httpsTrigger"} 
 {"sourceUploadUrl":"https://storage.googleapis.com/gcf-upload-us-central1-1d722933-5d93-4cb0-a3d6-c4beb1a9ee66/75355895-b03b-4ff8-98aa-990acb1436f8.zip?GoogleAccessId=service-167800648053@gcf-admin-robot.iam.gserviceaccount.com&Expires=1590792430&Signature=jThKqvUCWuL4Fh9bzCVSXYXZymAM9ms%2FZYs%2BBu4%2FkRKWJowtoUdms5pjJyGtrcI6J2re0xbxiARl%2F4x81Q4L25vxnz%2FQB%2BcSmdL0i%2BvJ7MtR%2BA75LEMqJ6gabiir1z9j3Y0Z6cy%2BGpdPYm6ohCWR8SowX2gWRaDrE%2BazVYHAQBUeMoTOzKqrLFZi%2Fr%2BxMiCqiOYTIAkScud1uv5NfQs7BPydV94rAScK21bEvWKkz9QgyzmaedyTmzl2rXKHCnVk3z0I1MwtrstxDehwQO7ofeTtTH86rR1Sux626rkE8mVI3bowwRIS%2F%2FhotrsRARA0zK8AuBIF4G8lyZPdXWypIw%3D%3D","name":"projects/lynx-game/locations/us-central1/functions/crearPersonal","labels":{"deployment-tool":"cli-firebase"},"httpsTrigger":{},"runtime":"nodejs8","environmentVariables":{"FIREBASE_CONFIG":"{\"projectId\":\"lynx-game\",\"databaseURL\":\"https://lynx-game.firebaseio.com\",\"storageBucket\":\"lynx-game.appspot.com\"}"}}
[debug] [2020-05-29T22:17:14.644Z] >>> HTTP REQUEST PATCH https://cloudfunctions.googleapis.com/v1/projects/lynx-game/locations/us-central1/functions/getPersonal {"updateMask":"sourceUploadUrl,name,labels,runtime,environmentVariables,httpsTrigger"} 
 {"sourceUploadUrl":"https://storage.googleapis.com/gcf-upload-us-central1-1d722933-5d93-4cb0-a3d6-c4beb1a9ee66/75355895-b03b-4ff8-98aa-990acb1436f8.zip?GoogleAccessId=service-167800648053@gcf-admin-robot.iam.gserviceaccount.com&Expires=1590792430&Signature=jThKqvUCWuL4Fh9bzCVSXYXZymAM9ms%2FZYs%2BBu4%2FkRKWJowtoUdms5pjJyGtrcI6J2re0xbxiARl%2F4x81Q4L25vxnz%2FQB%2BcSmdL0i%2BvJ7MtR%2BA75LEMqJ6gabiir1z9j3Y0Z6cy%2BGpdPYm6ohCWR8SowX2gWRaDrE%2BazVYHAQBUeMoTOzKqrLFZi%2Fr%2BxMiCqiOYTIAkScud1uv5NfQs7BPydV94rAScK21bEvWKkz9QgyzmaedyTmzl2rXKHCnVk3z0I1MwtrstxDehwQO7ofeTtTH86rR1Sux626rkE8mVI3bowwRIS%2F%2FhotrsRARA0zK8AuBIF4G8lyZPdXWypIw%3D%3D","name":"projects/lynx-game/locations/us-central1/functions/getPersonal","labels":{"deployment-tool":"cli-firebase"},"httpsTrigger":{},"runtime":"nodejs8","environmentVariables":{"FIREBASE_CONFIG":"{\"projectId\":\"lynx-game\",\"databaseURL\":\"https://lynx-game.firebaseio.com\",\"storageBucket\":\"lynx-game.appspot.com\"}"}}
[debug] [2020-05-29T22:17:15.317Z] <<< HTTP RESPONSE 200 {"content-type":"application/json; charset=UTF-8","vary":"X-Origin, Referer, Origin,Accept-Encoding","date":"Fri, 29 May 2020 22:17:17 GMT","server":"ESF","cache-control":"private","x-xss-protection":"0","x-frame-options":"SAMEORIGIN","x-content-type-options":"nosniff","alt-svc":"h3-27=\":443\"; ma=2592000,h3-25=\":443\"; ma=2592000,h3-T050=\":443\"; ma=2592000,h3-Q050=\":443\"; ma=2592000,h3-Q049=\":443\"; ma=2592000,h3-Q048=\":443\"; ma=2592000,h3-Q046=\":443\"; ma=2592000,h3-Q043=\":443\"; ma=2592000,quic=\":443\"; ma=2592000; v=\"46,43\"","accept-ranges":"none","transfer-encoding":"chunked"}
[debug] [2020-05-29T22:17:15.842Z] <<< HTTP RESPONSE 200 {"content-type":"application/json; charset=UTF-8","vary":"X-Origin, Referer, Origin,Accept-Encoding","date":"Fri, 29 May 2020 22:17:17 GMT","server":"ESF","cache-control":"private","x-xss-protection":"0","x-frame-options":"SAMEORIGIN","x-content-type-options":"nosniff","alt-svc":"h3-27=\":443\"; ma=2592000,h3-25=\":443\"; ma=2592000,h3-T050=\":443\"; ma=2592000,h3-Q050=\":443\"; ma=2592000,h3-Q049=\":443\"; ma=2592000,h3-Q048=\":443\"; ma=2592000,h3-Q046=\":443\"; ma=2592000,h3-Q043=\":443\"; ma=2592000,quic=\":443\"; ma=2592000; v=\"46,43\"","accept-ranges":"none","transfer-encoding":"chunked"}
[debug] [2020-05-29T22:17:15.843Z] >>> HTTP REQUEST GET https://cloudfunctions.googleapis.com/v1/projects/lynx-game/locations/-/functions  
 
[debug] [2020-05-29T22:17:16.307Z] <<< HTTP RESPONSE 200 {"content-type":"application/json; charset=UTF-8","vary":"X-Origin, Referer, Origin,Accept-Encoding","date":"Fri, 29 May 2020 22:17:18 GMT","server":"ESF","cache-control":"private","x-xss-protection":"0","x-frame-options":"SAMEORIGIN","x-content-type-options":"nosniff","alt-svc":"h3-27=\":443\"; ma=2592000,h3-25=\":443\"; ma=2592000,h3-T050=\":443\"; ma=2592000,h3-Q050=\":443\"; ma=2592000,h3-Q049=\":443\"; ma=2592000,h3-Q048=\":443\"; ma=2592000,h3-Q046=\":443\"; ma=2592000,h3-Q043=\":443\"; ma=2592000,quic=\":443\"; ma=2592000; v=\"46,43\"","accept-ranges":"none","transfer-encoding":"chunked"}
[debug] [2020-05-29T22:17:16.308Z] >>> HTTP REQUEST GET https://cloudfunctions.googleapis.com/v1/operations/bHlueC1nYW1lL3VzLWNlbnRyYWwxL2NyZWFyUGVyc29uYWwveTlJclRWVS1ISnc  
 
[debug] [2020-05-29T22:17:16.308Z] >>> HTTP REQUEST GET https://cloudfunctions.googleapis.com/v1/operations/bHlueC1nYW1lL3VzLWNlbnRyYWwxL2dldFBlcnNvbmFsL09mWllrMHBNa0F3  
 
[debug] [2020-05-29T22:17:16.582Z] <<< HTTP RESPONSE 200 {"content-type":"application/json; charset=UTF-8","vary":"X-Origin, Referer, Origin,Accept-Encoding","date":"Fri, 29 May 2020 22:17:18 GMT","server":"ESF","cache-control":"private","x-xss-protection":"0","x-frame-options":"SAMEORIGIN","x-content-type-options":"nosniff","alt-svc":"h3-27=\":443\"; ma=2592000,h3-25=\":443\"; ma=2592000,h3-T050=\":443\"; ma=2592000,h3-Q050=\":443\"; ma=2592000,h3-Q049=\":443\"; ma=2592000,h3-Q048=\":443\"; ma=2592000,h3-Q046=\":443\"; ma=2592000,h3-Q043=\":443\"; ma=2592000,quic=\":443\"; ma=2592000; v=\"46,43\"","accept-ranges":"none","transfer-encoding":"chunked"}
[debug] [2020-05-29T22:17:16.624Z] <<< HTTP RESPONSE 200 {"content-type":"application/json; charset=UTF-8","vary":"X-Origin, Referer, Origin,Accept-Encoding","date":"Fri, 29 May 2020 22:17:18 GMT","server":"ESF","cache-control":"private","x-xss-protection":"0","x-frame-options":"SAMEORIGIN","x-content-type-options":"nosniff","alt-svc":"h3-27=\":443\"; ma=2592000,h3-25=\":443\"; ma=2592000,h3-T050=\":443\"; ma=2592000,h3-Q050=\":443\"; ma=2592000,h3-Q049=\":443\"; ma=2592000,h3-Q048=\":443\"; ma=2592000,h3-Q046=\":443\"; ma=2592000,h3-Q043=\":443\"; ma=2592000,quic=\":443\"; ma=2592000; v=\"46,43\"","accept-ranges":"none","transfer-encoding":"chunked"}
[debug] [2020-05-29T22:17:18.582Z] >>> HTTP REQUEST GET https://cloudfunctions.googleapis.com/v1/operations/bHlueC1nYW1lL3VzLWNlbnRyYWwxL2dldFBlcnNvbmFsL09mWllrMHBNa0F3  
 
[debug] [2020-05-29T22:17:18.626Z] >>> HTTP REQUEST GET https://cloudfunctions.googleapis.com/v1/operations/bHlueC1nYW1lL3VzLWNlbnRyYWwxL2NyZWFyUGVyc29uYWwveTlJclRWVS1ISnc  
 
[debug] [2020-05-29T22:17:18.861Z] <<< HTTP RESPONSE 200 {"content-type":"application/json; charset=UTF-8","vary":"X-Origin, Referer, Origin,Accept-Encoding","date":"Fri, 29 May 2020 22:17:20 GMT","server":"ESF","cache-control":"private","x-xss-protection":"0","x-frame-options":"SAMEORIGIN","x-content-type-options":"nosniff","alt-svc":"h3-27=\":443\"; ma=2592000,h3-25=\":443\"; ma=2592000,h3-T050=\":443\"; ma=2592000,h3-Q050=\":443\"; ma=2592000,h3-Q049=\":443\"; ma=2592000,h3-Q048=\":443\"; ma=2592000,h3-Q046=\":443\"; ma=2592000,h3-Q043=\":443\"; ma=2592000,quic=\":443\"; ma=2592000; v=\"46,43\"","accept-ranges":"none","transfer-encoding":"chunked"}
[debug] [2020-05-29T22:17:18.941Z] <<< HTTP RESPONSE 200 {"content-type":"application/json; charset=UTF-8","vary":"X-Origin, Referer, Origin,Accept-Encoding","date":"Fri, 29 May 2020 22:17:20 GMT","server":"ESF","cache-control":"private","x-xss-protection":"0","x-frame-options":"SAMEORIGIN","x-content-type-options":"nosniff","alt-svc":"h3-27=\":443\"; ma=2592000,h3-25=\":443\"; ma=2592000,h3-T050=\":443\"; ma=2592000,h3-Q050=\":443\"; ma=2592000,h3-Q049=\":443\"; ma=2592000,h3-Q048=\":443\"; ma=2592000,h3-Q046=\":443\"; ma=2592000,h3-Q043=\":443\"; ma=2592000,quic=\":443\"; ma=2592000; v=\"46,43\"","accept-ranges":"none","transfer-encoding":"chunked"}
[debug] [2020-05-29T22:17:20.861Z] >>> HTTP REQUEST GET https://cloudfunctions.googleapis.com/v1/operations/bHlueC1nYW1lL3VzLWNlbnRyYWwxL2dldFBlcnNvbmFsL09mWllrMHBNa0F3  
 
[debug] [2020-05-29T22:17:20.943Z] >>> HTTP REQUEST GET https://cloudfunctions.googleapis.com/v1/operations/bHlueC1nYW1lL3VzLWNlbnRyYWwxL2NyZWFyUGVyc29uYWwveTlJclRWVS1ISnc  
 
[debug] [2020-05-29T22:17:21.138Z] <<< HTTP RESPONSE 200 {"content-type":"application/json; charset=UTF-8","vary":"X-Origin, Referer, Origin,Accept-Encoding","date":"Fri, 29 May 2020 22:17:23 GMT","server":"ESF","cache-control":"private","x-xss-protection":"0","x-frame-options":"SAMEORIGIN","x-content-type-options":"nosniff","alt-svc":"h3-27=\":443\"; ma=2592000,h3-25=\":443\"; ma=2592000,h3-T050=\":443\"; ma=2592000,h3-Q050=\":443\"; ma=2592000,h3-Q049=\":443\"; ma=2592000,h3-Q048=\":443\"; ma=2592000,h3-Q046=\":443\"; ma=2592000,h3-Q043=\":443\"; ma=2592000,quic=\":443\"; ma=2592000; v=\"46,43\"","accept-ranges":"none","transfer-encoding":"chunked"}
[debug] [2020-05-29T22:17:21.254Z] <<< HTTP RESPONSE 200 {"content-type":"application/json; charset=UTF-8","vary":"X-Origin, Referer, Origin,Accept-Encoding","date":"Fri, 29 May 2020 22:17:23 GMT","server":"ESF","cache-control":"private","x-xss-protection":"0","x-frame-options":"SAMEORIGIN","x-content-type-options":"nosniff","alt-svc":"h3-27=\":443\"; ma=2592000,h3-25=\":443\"; ma=2592000,h3-T050=\":443\"; ma=2592000,h3-Q050=\":443\"; ma=2592000,h3-Q049=\":443\"; ma=2592000,h3-Q048=\":443\"; ma=2592000,h3-Q046=\":443\"; ma=2592000,h3-Q043=\":443\"; ma=2592000,quic=\":443\"; ma=2592000; v=\"46,43\"","accept-ranges":"none","transfer-encoding":"chunked"}
[debug] [2020-05-29T22:17:23.140Z] >>> HTTP REQUEST GET https://cloudfunctions.googleapis.com/v1/operations/bHlueC1nYW1lL3VzLWNlbnRyYWwxL2dldFBlcnNvbmFsL09mWllrMHBNa0F3  
 
[debug] [2020-05-29T22:17:23.255Z] >>> HTTP REQUEST GET https://cloudfunctions.googleapis.com/v1/operations/bHlueC1nYW1lL3VzLWNlbnRyYWwxL2NyZWFyUGVyc29uYWwveTlJclRWVS1ISnc  
 
[debug] [2020-05-29T22:17:23.434Z] <<< HTTP RESPONSE 200 {"content-type":"application/json; charset=UTF-8","vary":"X-Origin, Referer, Origin,Accept-Encoding","date":"Fri, 29 May 2020 22:17:25 GMT","server":"ESF","cache-control":"private","x-xss-protection":"0","x-frame-options":"SAMEORIGIN","x-content-type-options":"nosniff","alt-svc":"h3-27=\":443\"; ma=2592000,h3-25=\":443\"; ma=2592000,h3-T050=\":443\"; ma=2592000,h3-Q050=\":443\"; ma=2592000,h3-Q049=\":443\"; ma=2592000,h3-Q048=\":443\"; ma=2592000,h3-Q046=\":443\"; ma=2592000,h3-Q043=\":443\"; ma=2592000,quic=\":443\"; ma=2592000; v=\"46,43\"","accept-ranges":"none","transfer-encoding":"chunked"}
[debug] [2020-05-29T22:17:23.539Z] <<< HTTP RESPONSE 200 {"content-type":"application/json; charset=UTF-8","vary":"X-Origin, Referer, Origin,Accept-Encoding","date":"Fri, 29 May 2020 22:17:25 GMT","server":"ESF","cache-control":"private","x-xss-protection":"0","x-frame-options":"SAMEORIGIN","x-content-type-options":"nosniff","alt-svc":"h3-27=\":443\"; ma=2592000,h3-25=\":443\"; ma=2592000,h3-T050=\":443\"; ma=2592000,h3-Q050=\":443\"; ma=2592000,h3-Q049=\":443\"; ma=2592000,h3-Q048=\":443\"; ma=2592000,h3-Q046=\":443\"; ma=2592000,h3-Q043=\":443\"; ma=2592000,quic=\":443\"; ma=2592000; v=\"46,43\"","accept-ranges":"none","transfer-encoding":"chunked"}
[debug] [2020-05-29T22:17:25.435Z] >>> HTTP REQUEST GET https://cloudfunctions.googleapis.com/v1/operations/bHlueC1nYW1lL3VzLWNlbnRyYWwxL2dldFBlcnNvbmFsL09mWllrMHBNa0F3  
 
[debug] [2020-05-29T22:17:25.540Z] >>> HTTP REQUEST GET https://cloudfunctions.googleapis.com/v1/operations/bHlueC1nYW1lL3VzLWNlbnRyYWwxL2NyZWFyUGVyc29uYWwveTlJclRWVS1ISnc  
 
[debug] [2020-05-29T22:17:25.655Z] <<< HTTP RESPONSE 200 {"content-type":"application/json; charset=UTF-8","vary":"X-Origin, Referer, Origin,Accept-Encoding","date":"Fri, 29 May 2020 22:17:27 GMT","server":"ESF","cache-control":"private","x-xss-protection":"0","x-frame-options":"SAMEORIGIN","x-content-type-options":"nosniff","alt-svc":"h3-27=\":443\"; ma=2592000,h3-25=\":443\"; ma=2592000,h3-T050=\":443\"; ma=2592000,h3-Q050=\":443\"; ma=2592000,h3-Q049=\":443\"; ma=2592000,h3-Q048=\":443\"; ma=2592000,h3-Q046=\":443\"; ma=2592000,h3-Q043=\":443\"; ma=2592000,quic=\":443\"; ma=2592000; v=\"46,43\"","accept-ranges":"none","transfer-encoding":"chunked"}
[debug] [2020-05-29T22:17:25.837Z] <<< HTTP RESPONSE 200 {"content-type":"application/json; charset=UTF-8","vary":"X-Origin, Referer, Origin,Accept-Encoding","date":"Fri, 29 May 2020 22:17:27 GMT","server":"ESF","cache-control":"private","x-xss-protection":"0","x-frame-options":"SAMEORIGIN","x-content-type-options":"nosniff","alt-svc":"h3-27=\":443\"; ma=2592000,h3-25=\":443\"; ma=2592000,h3-T050=\":443\"; ma=2592000,h3-Q050=\":443\"; ma=2592000,h3-Q049=\":443\"; ma=2592000,h3-Q048=\":443\"; ma=2592000,h3-Q046=\":443\"; ma=2592000,h3-Q043=\":443\"; ma=2592000,quic=\":443\"; ma=2592000; v=\"46,43\"","accept-ranges":"none","transfer-encoding":"chunked"}
[debug] [2020-05-29T22:17:27.655Z] >>> HTTP REQUEST GET https://cloudfunctions.googleapis.com/v1/operations/bHlueC1nYW1lL3VzLWNlbnRyYWwxL2dldFBlcnNvbmFsL09mWllrMHBNa0F3  
 
[debug] [2020-05-29T22:17:27.838Z] >>> HTTP REQUEST GET https://cloudfunctions.googleapis.com/v1/operations/bHlueC1nYW1lL3VzLWNlbnRyYWwxL2NyZWFyUGVyc29uYWwveTlJclRWVS1ISnc  
 
[debug] [2020-05-29T22:17:27.959Z] <<< HTTP RESPONSE 200 {"content-type":"application/json; charset=UTF-8","vary":"X-Origin, Referer, Origin,Accept-Encoding","date":"Fri, 29 May 2020 22:17:29 GMT","server":"ESF","cache-control":"private","x-xss-protection":"0","x-frame-options":"SAMEORIGIN","x-content-type-options":"nosniff","alt-svc":"h3-27=\":443\"; ma=2592000,h3-25=\":443\"; ma=2592000,h3-T050=\":443\"; ma=2592000,h3-Q050=\":443\"; ma=2592000,h3-Q049=\":443\"; ma=2592000,h3-Q048=\":443\"; ma=2592000,h3-Q046=\":443\"; ma=2592000,h3-Q043=\":443\"; ma=2592000,quic=\":443\"; ma=2592000; v=\"46,43\"","accept-ranges":"none","transfer-encoding":"chunked"}
[debug] [2020-05-29T22:17:28.124Z] <<< HTTP RESPONSE 200 {"content-type":"application/json; charset=UTF-8","vary":"X-Origin, Referer, Origin,Accept-Encoding","date":"Fri, 29 May 2020 22:17:30 GMT","server":"ESF","cache-control":"private","x-xss-protection":"0","x-frame-options":"SAMEORIGIN","x-content-type-options":"nosniff","alt-svc":"h3-27=\":443\"; ma=2592000,h3-25=\":443\"; ma=2592000,h3-T050=\":443\"; ma=2592000,h3-Q050=\":443\"; ma=2592000,h3-Q049=\":443\"; ma=2592000,h3-Q048=\":443\"; ma=2592000,h3-Q046=\":443\"; ma=2592000,h3-Q043=\":443\"; ma=2592000,quic=\":443\"; ma=2592000; v=\"46,43\"","accept-ranges":"none","transfer-encoding":"chunked"}
[debug] [2020-05-29T22:17:29.961Z] >>> HTTP REQUEST GET https://cloudfunctions.googleapis.com/v1/operations/bHlueC1nYW1lL3VzLWNlbnRyYWwxL2dldFBlcnNvbmFsL09mWllrMHBNa0F3  
 
[debug] [2020-05-29T22:17:30.126Z] >>> HTTP REQUEST GET https://cloudfunctions.googleapis.com/v1/operations/bHlueC1nYW1lL3VzLWNlbnRyYWwxL2NyZWFyUGVyc29uYWwveTlJclRWVS1ISnc  
 
[debug] [2020-05-29T22:17:30.246Z] <<< HTTP RESPONSE 200 {"content-type":"application/json; charset=UTF-8","vary":"X-Origin, Referer, Origin,Accept-Encoding","date":"Fri, 29 May 2020 22:17:32 GMT","server":"ESF","cache-control":"private","x-xss-protection":"0","x-frame-options":"SAMEORIGIN","x-content-type-options":"nosniff","alt-svc":"h3-27=\":443\"; ma=2592000,h3-25=\":443\"; ma=2592000,h3-T050=\":443\"; ma=2592000,h3-Q050=\":443\"; ma=2592000,h3-Q049=\":443\"; ma=2592000,h3-Q048=\":443\"; ma=2592000,h3-Q046=\":443\"; ma=2592000,h3-Q043=\":443\"; ma=2592000,quic=\":443\"; ma=2592000; v=\"46,43\"","accept-ranges":"none","transfer-encoding":"chunked"}
[debug] [2020-05-29T22:17:30.401Z] <<< HTTP RESPONSE 200 {"content-type":"application/json; charset=UTF-8","vary":"X-Origin, Referer, Origin,Accept-Encoding","date":"Fri, 29 May 2020 22:17:32 GMT","server":"ESF","cache-control":"private","x-xss-protection":"0","x-frame-options":"SAMEORIGIN","x-content-type-options":"nosniff","alt-svc":"h3-27=\":443\"; ma=2592000,h3-25=\":443\"; ma=2592000,h3-T050=\":443\"; ma=2592000,h3-Q050=\":443\"; ma=2592000,h3-Q049=\":443\"; ma=2592000,h3-Q048=\":443\"; ma=2592000,h3-Q046=\":443\"; ma=2592000,h3-Q043=\":443\"; ma=2592000,quic=\":443\"; ma=2592000; v=\"46,43\"","accept-ranges":"none","transfer-encoding":"chunked"}
[debug] [2020-05-29T22:17:32.247Z] >>> HTTP REQUEST GET https://cloudfunctions.googleapis.com/v1/operations/bHlueC1nYW1lL3VzLWNlbnRyYWwxL2dldFBlcnNvbmFsL09mWllrMHBNa0F3  
 
[debug] [2020-05-29T22:17:32.402Z] >>> HTTP REQUEST GET https://cloudfunctions.googleapis.com/v1/operations/bHlueC1nYW1lL3VzLWNlbnRyYWwxL2NyZWFyUGVyc29uYWwveTlJclRWVS1ISnc  
 
[debug] [2020-05-29T22:17:32.513Z] <<< HTTP RESPONSE 200 {"content-type":"application/json; charset=UTF-8","vary":"X-Origin, Referer, Origin,Accept-Encoding","date":"Fri, 29 May 2020 22:17:34 GMT","server":"ESF","cache-control":"private","x-xss-protection":"0","x-frame-options":"SAMEORIGIN","x-content-type-options":"nosniff","alt-svc":"h3-27=\":443\"; ma=2592000,h3-25=\":443\"; ma=2592000,h3-T050=\":443\"; ma=2592000,h3-Q050=\":443\"; ma=2592000,h3-Q049=\":443\"; ma=2592000,h3-Q048=\":443\"; ma=2592000,h3-Q046=\":443\"; ma=2592000,h3-Q043=\":443\"; ma=2592000,quic=\":443\"; ma=2592000; v=\"46,43\"","accept-ranges":"none","transfer-encoding":"chunked"}
[debug] [2020-05-29T22:17:32.682Z] <<< HTTP RESPONSE 200 {"content-type":"application/json; charset=UTF-8","vary":"X-Origin, Referer, Origin,Accept-Encoding","date":"Fri, 29 May 2020 22:17:34 GMT","server":"ESF","cache-control":"private","x-xss-protection":"0","x-frame-options":"SAMEORIGIN","x-content-type-options":"nosniff","alt-svc":"h3-27=\":443\"; ma=2592000,h3-25=\":443\"; ma=2592000,h3-T050=\":443\"; ma=2592000,h3-Q050=\":443\"; ma=2592000,h3-Q049=\":443\"; ma=2592000,h3-Q048=\":443\"; ma=2592000,h3-Q046=\":443\"; ma=2592000,h3-Q043=\":443\"; ma=2592000,quic=\":443\"; ma=2592000; v=\"46,43\"","accept-ranges":"none","transfer-encoding":"chunked"}
[debug] [2020-05-29T22:17:34.513Z] >>> HTTP REQUEST GET https://cloudfunctions.googleapis.com/v1/operations/bHlueC1nYW1lL3VzLWNlbnRyYWwxL2dldFBlcnNvbmFsL09mWllrMHBNa0F3  
 
[debug] [2020-05-29T22:17:34.683Z] >>> HTTP REQUEST GET https://cloudfunctions.googleapis.com/v1/operations/bHlueC1nYW1lL3VzLWNlbnRyYWwxL2NyZWFyUGVyc29uYWwveTlJclRWVS1ISnc  
 
[debug] [2020-05-29T22:17:34.738Z] <<< HTTP RESPONSE 200 {"content-type":"application/json; charset=UTF-8","vary":"X-Origin, Referer, Origin,Accept-Encoding","date":"Fri, 29 May 2020 22:17:36 GMT","server":"ESF","cache-control":"private","x-xss-protection":"0","x-frame-options":"SAMEORIGIN","x-content-type-options":"nosniff","alt-svc":"h3-27=\":443\"; ma=2592000,h3-25=\":443\"; ma=2592000,h3-T050=\":443\"; ma=2592000,h3-Q050=\":443\"; ma=2592000,h3-Q049=\":443\"; ma=2592000,h3-Q048=\":443\"; ma=2592000,h3-Q046=\":443\"; ma=2592000,h3-Q043=\":443\"; ma=2592000,quic=\":443\"; ma=2592000; v=\"46,43\"","accept-ranges":"none","transfer-encoding":"chunked"}
[debug] [2020-05-29T22:17:34.957Z] <<< HTTP RESPONSE 200 {"content-type":"application/json; charset=UTF-8","vary":"X-Origin, Referer, Origin,Accept-Encoding","date":"Fri, 29 May 2020 22:17:36 GMT","server":"ESF","cache-control":"private","x-xss-protection":"0","x-frame-options":"SAMEORIGIN","x-content-type-options":"nosniff","alt-svc":"h3-27=\":443\"; ma=2592000,h3-25=\":443\"; ma=2592000,h3-T050=\":443\"; ma=2592000,h3-Q050=\":443\"; ma=2592000,h3-Q049=\":443\"; ma=2592000,h3-Q048=\":443\"; ma=2592000,h3-Q046=\":443\"; ma=2592000,h3-Q043=\":443\"; ma=2592000,quic=\":443\"; ma=2592000; v=\"46,43\"","accept-ranges":"none","transfer-encoding":"chunked"}
[debug] [2020-05-29T22:17:36.739Z] >>> HTTP REQUEST GET https://cloudfunctions.googleapis.com/v1/operations/bHlueC1nYW1lL3VzLWNlbnRyYWwxL2dldFBlcnNvbmFsL09mWllrMHBNa0F3  
 
[debug] [2020-05-29T22:17:36.958Z] >>> HTTP REQUEST GET https://cloudfunctions.googleapis.com/v1/operations/bHlueC1nYW1lL3VzLWNlbnRyYWwxL2NyZWFyUGVyc29uYWwveTlJclRWVS1ISnc  
 
[debug] [2020-05-29T22:17:37.013Z] <<< HTTP RESPONSE 200 {"content-type":"application/json; charset=UTF-8","vary":"X-Origin, Referer, Origin,Accept-Encoding","date":"Fri, 29 May 2020 22:17:38 GMT","server":"ESF","cache-control":"private","x-xss-protection":"0","x-frame-options":"SAMEORIGIN","x-content-type-options":"nosniff","alt-svc":"h3-27=\":443\"; ma=2592000,h3-25=\":443\"; ma=2592000,h3-T050=\":443\"; ma=2592000,h3-Q050=\":443\"; ma=2592000,h3-Q049=\":443\"; ma=2592000,h3-Q048=\":443\"; ma=2592000,h3-Q046=\":443\"; ma=2592000,h3-Q043=\":443\"; ma=2592000,quic=\":443\"; ma=2592000; v=\"46,43\"","accept-ranges":"none","transfer-encoding":"chunked"}
[debug] [2020-05-29T22:17:37.258Z] <<< HTTP RESPONSE 200 {"content-type":"application/json; charset=UTF-8","vary":"X-Origin, Referer, Origin,Accept-Encoding","date":"Fri, 29 May 2020 22:17:39 GMT","server":"ESF","cache-control":"private","x-xss-protection":"0","x-frame-options":"SAMEORIGIN","x-content-type-options":"nosniff","alt-svc":"h3-27=\":443\"; ma=2592000,h3-25=\":443\"; ma=2592000,h3-T050=\":443\"; ma=2592000,h3-Q050=\":443\"; ma=2592000,h3-Q049=\":443\"; ma=2592000,h3-Q048=\":443\"; ma=2592000,h3-Q046=\":443\"; ma=2592000,h3-Q043=\":443\"; ma=2592000,quic=\":443\"; ma=2592000; v=\"46,43\"","accept-ranges":"none","transfer-encoding":"chunked"}
[debug] [2020-05-29T22:17:39.014Z] >>> HTTP REQUEST GET https://cloudfunctions.googleapis.com/v1/operations/bHlueC1nYW1lL3VzLWNlbnRyYWwxL2dldFBlcnNvbmFsL09mWllrMHBNa0F3  
 
[debug] [2020-05-29T22:17:39.261Z] >>> HTTP REQUEST GET https://cloudfunctions.googleapis.com/v1/operations/bHlueC1nYW1lL3VzLWNlbnRyYWwxL2NyZWFyUGVyc29uYWwveTlJclRWVS1ISnc  
 
[debug] [2020-05-29T22:17:39.321Z] <<< HTTP RESPONSE 200 {"content-type":"application/json; charset=UTF-8","vary":"X-Origin, Referer, Origin,Accept-Encoding","date":"Fri, 29 May 2020 22:17:41 GMT","server":"ESF","cache-control":"private","x-xss-protection":"0","x-frame-options":"SAMEORIGIN","x-content-type-options":"nosniff","alt-svc":"h3-27=\":443\"; ma=2592000,h3-25=\":443\"; ma=2592000,h3-T050=\":443\"; ma=2592000,h3-Q050=\":443\"; ma=2592000,h3-Q049=\":443\"; ma=2592000,h3-Q048=\":443\"; ma=2592000,h3-Q046=\":443\"; ma=2592000,h3-Q043=\":443\"; ma=2592000,quic=\":443\"; ma=2592000; v=\"46,43\"","accept-ranges":"none","transfer-encoding":"chunked"}
[debug] [2020-05-29T22:17:39.543Z] <<< HTTP RESPONSE 200 {"content-type":"application/json; charset=UTF-8","vary":"X-Origin, Referer, Origin,Accept-Encoding","date":"Fri, 29 May 2020 22:17:41 GMT","server":"ESF","cache-control":"private","x-xss-protection":"0","x-frame-options":"SAMEORIGIN","x-content-type-options":"nosniff","alt-svc":"h3-27=\":443\"; ma=2592000,h3-25=\":443\"; ma=2592000,h3-T050=\":443\"; ma=2592000,h3-Q050=\":443\"; ma=2592000,h3-Q049=\":443\"; ma=2592000,h3-Q048=\":443\"; ma=2592000,h3-Q046=\":443\"; ma=2592000,h3-Q043=\":443\"; ma=2592000,quic=\":443\"; ma=2592000; v=\"46,43\"","accept-ranges":"none","transfer-encoding":"chunked"}
[debug] [2020-05-29T22:17:41.322Z] >>> HTTP REQUEST GET https://cloudfunctions.googleapis.com/v1/operations/bHlueC1nYW1lL3VzLWNlbnRyYWwxL2dldFBlcnNvbmFsL09mWllrMHBNa0F3  
 
[debug] [2020-05-29T22:17:41.545Z] >>> HTTP REQUEST GET https://cloudfunctions.googleapis.com/v1/operations/bHlueC1nYW1lL3VzLWNlbnRyYWwxL2NyZWFyUGVyc29uYWwveTlJclRWVS1ISnc  
 
[debug] [2020-05-29T22:17:41.628Z] <<< HTTP RESPONSE 200 {"content-type":"application/json; charset=UTF-8","vary":"X-Origin, Referer, Origin,Accept-Encoding","date":"Fri, 29 May 2020 22:17:43 GMT","server":"ESF","cache-control":"private","x-xss-protection":"0","x-frame-options":"SAMEORIGIN","x-content-type-options":"nosniff","alt-svc":"h3-27=\":443\"; ma=2592000,h3-25=\":443\"; ma=2592000,h3-T050=\":443\"; ma=2592000,h3-Q050=\":443\"; ma=2592000,h3-Q049=\":443\"; ma=2592000,h3-Q048=\":443\"; ma=2592000,h3-Q046=\":443\"; ma=2592000,h3-Q043=\":443\"; ma=2592000,quic=\":443\"; ma=2592000; v=\"46,43\"","accept-ranges":"none","transfer-encoding":"chunked"}
[debug] [2020-05-29T22:17:41.809Z] <<< HTTP RESPONSE 200 {"content-type":"application/json; charset=UTF-8","vary":"X-Origin, Referer, Origin,Accept-Encoding","date":"Fri, 29 May 2020 22:17:43 GMT","server":"ESF","cache-control":"private","x-xss-protection":"0","x-frame-options":"SAMEORIGIN","x-content-type-options":"nosniff","alt-svc":"h3-27=\":443\"; ma=2592000,h3-25=\":443\"; ma=2592000,h3-T050=\":443\"; ma=2592000,h3-Q050=\":443\"; ma=2592000,h3-Q049=\":443\"; ma=2592000,h3-Q048=\":443\"; ma=2592000,h3-Q046=\":443\"; ma=2592000,h3-Q043=\":443\"; ma=2592000,quic=\":443\"; ma=2592000; v=\"46,43\"","accept-ranges":"none","transfer-encoding":"chunked"}
[debug] [2020-05-29T22:17:43.628Z] >>> HTTP REQUEST GET https://cloudfunctions.googleapis.com/v1/operations/bHlueC1nYW1lL3VzLWNlbnRyYWwxL2dldFBlcnNvbmFsL09mWllrMHBNa0F3  
 
[debug] [2020-05-29T22:17:43.811Z] >>> HTTP REQUEST GET https://cloudfunctions.googleapis.com/v1/operations/bHlueC1nYW1lL3VzLWNlbnRyYWwxL2NyZWFyUGVyc29uYWwveTlJclRWVS1ISnc  
 
[debug] [2020-05-29T22:17:43.891Z] <<< HTTP RESPONSE 200 {"content-type":"application/json; charset=UTF-8","vary":"X-Origin, Referer, Origin,Accept-Encoding","date":"Fri, 29 May 2020 22:17:45 GMT","server":"ESF","cache-control":"private","x-xss-protection":"0","x-frame-options":"SAMEORIGIN","x-content-type-options":"nosniff","alt-svc":"h3-27=\":443\"; ma=2592000,h3-25=\":443\"; ma=2592000,h3-T050=\":443\"; ma=2592000,h3-Q050=\":443\"; ma=2592000,h3-Q049=\":443\"; ma=2592000,h3-Q048=\":443\"; ma=2592000,h3-Q046=\":443\"; ma=2592000,h3-Q043=\":443\"; ma=2592000,quic=\":443\"; ma=2592000; v=\"46,43\"","accept-ranges":"none","transfer-encoding":"chunked"}
[debug] [2020-05-29T22:17:44.085Z] <<< HTTP RESPONSE 200 {"content-type":"application/json; charset=UTF-8","vary":"X-Origin, Referer, Origin,Accept-Encoding","date":"Fri, 29 May 2020 22:17:45 GMT","server":"ESF","cache-control":"private","x-xss-protection":"0","x-frame-options":"SAMEORIGIN","x-content-type-options":"nosniff","alt-svc":"h3-27=\":443\"; ma=2592000,h3-25=\":443\"; ma=2592000,h3-T050=\":443\"; ma=2592000,h3-Q050=\":443\"; ma=2592000,h3-Q049=\":443\"; ma=2592000,h3-Q048=\":443\"; ma=2592000,h3-Q046=\":443\"; ma=2592000,h3-Q043=\":443\"; ma=2592000,quic=\":443\"; ma=2592000; v=\"46,43\"","accept-ranges":"none","transfer-encoding":"chunked"}
[debug] [2020-05-29T22:17:45.894Z] >>> HTTP REQUEST GET https://cloudfunctions.googleapis.com/v1/operations/bHlueC1nYW1lL3VzLWNlbnRyYWwxL2dldFBlcnNvbmFsL09mWllrMHBNa0F3  
 
[debug] [2020-05-29T22:17:46.085Z] >>> HTTP REQUEST GET https://cloudfunctions.googleapis.com/v1/operations/bHlueC1nYW1lL3VzLWNlbnRyYWwxL2NyZWFyUGVyc29uYWwveTlJclRWVS1ISnc  
 
[debug] [2020-05-29T22:17:46.168Z] <<< HTTP RESPONSE 200 {"content-type":"application/json; charset=UTF-8","vary":"X-Origin, Referer, Origin,Accept-Encoding","date":"Fri, 29 May 2020 22:17:48 GMT","server":"ESF","cache-control":"private","x-xss-protection":"0","x-frame-options":"SAMEORIGIN","x-content-type-options":"nosniff","alt-svc":"h3-27=\":443\"; ma=2592000,h3-25=\":443\"; ma=2592000,h3-T050=\":443\"; ma=2592000,h3-Q050=\":443\"; ma=2592000,h3-Q049=\":443\"; ma=2592000,h3-Q048=\":443\"; ma=2592000,h3-Q046=\":443\"; ma=2592000,h3-Q043=\":443\"; ma=2592000,quic=\":443\"; ma=2592000; v=\"46,43\"","accept-ranges":"none","transfer-encoding":"chunked"}
[debug] [2020-05-29T22:17:46.369Z] <<< HTTP RESPONSE 200 {"content-type":"application/json; charset=UTF-8","vary":"X-Origin, Referer, Origin,Accept-Encoding","date":"Fri, 29 May 2020 22:17:48 GMT","server":"ESF","cache-control":"private","x-xss-protection":"0","x-frame-options":"SAMEORIGIN","x-content-type-options":"nosniff","alt-svc":"h3-27=\":443\"; ma=2592000,h3-25=\":443\"; ma=2592000,h3-T050=\":443\"; ma=2592000,h3-Q050=\":443\"; ma=2592000,h3-Q049=\":443\"; ma=2592000,h3-Q048=\":443\"; ma=2592000,h3-Q046=\":443\"; ma=2592000,h3-Q043=\":443\"; ma=2592000,quic=\":443\"; ma=2592000; v=\"46,43\"","accept-ranges":"none","transfer-encoding":"chunked"}
